<?xml version="1.0" encoding="UTF-8"?>
<!-- Generated by org.testng.reporters.JUnitReportReporter -->
<testsuite hostname="DESKTOP-I2HUJ57" failures="0" tests="1" name="NewTestNGClass" time="17.377" errors="0" timestamp="2024-08-21T21:09:47 IST" skipped="0">
  <testcase classname="NewTestNGClass" name="OrangeHRMCreation" time="17.377"/>
</testsuite> <!-- NewTestNGClass -->
